make all --print-data-base --no-builtin-variables --no-builtin-rules --question
# GNU Make 3.82
# Built for x86_64-redhat-linux-gnu
# Copyright (C) 2010  Free Software Foundation, Inc.
# License GPLv3+: GNU GPL version 3 or later <http://gnu.org/licenses/gpl.html>
# This is free software: you are free to change and redistribute it.
# There is NO WARRANTY, to the extent permitted by law.

# Make data base, printed on Mon Aug  8 09:42:16 2022

# Variables

# automatic
<D = $(patsubst %/,%,$(dir $<))
# automatic
?F = $(notdir $?)
# default
.SHELLFLAGS := -c
# environment
VSCODE_AGENT_FOLDER = /root/.vscode-server
# automatic
?D = $(patsubst %/,%,$(dir $?))
# automatic
@D = $(patsubst %/,%,$(dir $@))
# automatic
@F = $(notdir $@)
# default
MAKE_VERSION := 3.82
# makefile
CURDIR := /root/cof-workspace/chi_icn_Plf
# makefile
SHELL = /bin/sh
# environment
VSCODE_NLS_CONFIG = {"locale":"zh-cn","availableLanguages":{}}
# environment
_ = /usr/bin/make
# makefile
MAKEFILE_LIST := 
# environment
HISTCONTROL = ignoredups
# environment
XDG_DATA_DIRS = /root/.local/share/flatpak/exports/share:/var/lib/flatpak/exports/share:/usr/local/share:/usr/share
# environment
LESSOPEN = ||/usr/bin/lesspipe.sh %s
# environment
VSCODE_CWD = /root
# environment
SSH_CONNECTION = 10.255.28.92 52833 10.239.44.30 22
# environment
PATH = /root/.vscode-server/bin/3b889b090b5ad5793f524b5d1d39fda662b96a2a/bin/remote-cli:/usr/java/jdk1.8.0_141-cloudera/bin:/home/qianche1/tool/cmake-3.24.0-rc1-linux-x86_64/bin:/home/qianche1/tool/ccache-4.6.1-linux-x86_64:/root/anaconda3/bin:/root/anaconda3/condabin:/usr/java/jdk1.8.0_141-cloudera/bin:/home/qianche1/tool/cmake-3.24.0-rc1-linux-x86_64/bin:/home/qianche1/tool/ccache-4.6.1-linux-x86_64:/usr/local/sbin:/usr/local/bin:/usr/sbin:/usr/bin:/home/zy/jruby-9.2.18.0/bin:/home/zy/jruby-9.2.18.0/bin:/root/bin
# environment
XDG_RUNTIME_DIR = /run/user/0
# environment
ELECTRON_RUN_AS_NODE = 1
# default
.FEATURES := target-specific order-only second-expansion else-if shortest-stem undefine oneshell archives jobserver check-symlink
# automatic
%F = $(notdir $%)
# environment
CONDA_EXE = /root/anaconda3/bin/conda
# environment
no_proxy = 127.0.0.1,localhost,172.18.0.71,172.18.0.73
# environment
PWD = /root/cof-workspace/chi_icn_Plf
# environment
VSCODE_IPC_HOOK_CLI = /run/user/0/vscode-ipc-76dad21b-824b-47c5-a70a-5c0e248e31d3.sock
# automatic
*D = $(patsubst %/,%,$(dir $*))
# environment
VSCODE_AMD_ENTRYPOINT = vs/workbench/api/node/extensionHostProcess
# environment
HOME = /root
# environment
LD_LIBRARY_PATH = /usr/local/lib64:/usr/local/lib64:
# environment
KRB5_CONFIG = /etc/krb5.conf
# environment
LOGNAME = root
# environment
APPLICATION_INSIGHTS_NO_DIAGNOSTIC_CHANNEL = 1
# environment
CONDA_PROMPT_MODIFIER = (base) 
# automatic
+F = $(notdir $+)
# environment
VSCODE_HANDLES_UNCAUGHT_ERRORS = true
# automatic
^D = $(patsubst %/,%,$(dir $^))
# environment
HOSTNAME = purley01
# environment
MAKELEVEL := 0
# environment
CONDA_DEFAULT_ENV = base
# default
MAKE = $(MAKE_COMMAND)
# default
MAKECMDGOALS := all
# environment
SHLVL = 5
# environment
LUA_CPATH = /home/zy/yan-github/DeathStarBench/pre-require/luarocks-3.0.4/lua_modules/lib/lua/5.1/?.so;/root/.luarocks/lib/lua/5.1/?.so;/usr/local/lib/lua/5.1/?.so;./?.so;/usr/local/lib/lua/5.1/loadall.so
# environment
JAVA_HOME = /usr/java/jdk1.8.0_141-cloudera/
# environment
XDG_SESSION_ID = 11636
# environment
USER = root
# makefile
.DEFAULT_GOAL := 
# automatic
%D = $(patsubst %/,%,$(dir $%))
# environment
CONDA_SHLVL = 1
# default
MAKE_COMMAND := make
# default
.VARIABLES := 
# automatic
*F = $(notdir $*)
# makefile
MAKEFLAGS = Rrqp
# environment
MFLAGS = -Rrqp
# environment
SSH_CLIENT = 10.255.28.92 52833 22
# environment
MAIL = /var/spool/mail/root
# automatic
+D = $(patsubst %/,%,$(dir $+))
# environment
BROWSER = /root/.vscode-server/bin/3b889b090b5ad5793f524b5d1d39fda662b96a2a/bin/helpers/browser.sh
# environment
VSCODE_HANDLES_SIGPIPE = true
# default
MAKEFILES := 
# automatic
<F = $(notdir $<)
# environment
https_proxy = http://child-prc.intel.com:913
# environment
LC_ALL = C
# environment
CONDA_PYTHON_EXE = /root/anaconda3/bin/python
# environment
LUA_PATH = /home/zy/yan-github/DeathStarBench/pre-require/luarocks-3.0.4/lua_modules/share/lua/5.1/?.lua;/home/zy/yan-github/DeathStarBench/pre-require/luarocks-3.0.4/lua_modules/share/lua/5.1/?/init.lua;/root/.luarocks/share/lua/5.1/?.lua;/root/.luarocks/share/lua/5.1/?/init.lua;/usr/local/share/lua/5.1/?.lua;/usr/local/share/lua/5.1/?/init.lua;./?.lua;/usr/local/lib/lua/5.1/?.lua;/usr/local/lib/lua/5.1/?/init.lua
# automatic
^F = $(notdir $^)
# default
SUFFIXES := 
# environment
HISTSIZE = 1000
# environment
_CE_M = 
# default
.INCLUDE_DIRS = /usr/include /usr/local/include /usr/include
# default
.RECIPEPREFIX := 
# environment
http_proxy = http://child-prc.intel.com:913
# environment
CONDA_PREFIX = /root/anaconda3
# environment
_CE_CONDA = 
# environment
LANG = C
# variable set hash-table stats:
# Load=77/1024=8%, Rehash=0, Collisions=7/96=7%

# Pattern-specific Variable Values

# No pattern-specific variable values.

# Directories

# . (device 66307, inode 545616621): 8 files, no impossibilities.

# 8 files, no impossibilities in 1 directories.

# Implicit Rules

# No implicit rules.

# Files

# Not a target:
all:
#  Command line target.
#  Implicit rule search has been done.
#  File does not exist.
#  File has not been updated.

# Not a target:
.SUFFIXES:
#  Implicit rule search has not been done.
#  Modification time never checked.
#  File has not been updated.

# Not a target:
Makefile:
#  Implicit rule search has been done.
#  File does not exist.
#  File has been updated.
#  Failed to be updated.

# Not a target:
makefile:
#  Implicit rule search has been done.
#  File does not exist.
#  File has been updated.
#  Failed to be updated.

# Not a target:
.DEFAULT:
#  Implicit rule search has not been done.
#  Modification time never checked.
#  File has not been updated.
 
make: *** No rule to make target `all'.  Stop.


# Not a target:
GNUmakefile:
#  Implicit rule search has been done.
#  File does not exist.
#  File has been updated.
#  Failed to be updated.

# files hash-table stats:
# Load=6/1024=1%, Rehash=0, Collisions=0/15=0%
# VPATH Search Paths

# No `vpath' search paths.

# No general (`VPATH' variable) search path.

# # of strings in strcache: 0 / lookups = 19 / hits = 19
# # of strcache buffers: 1 (* 8176 B/buffer = 8176 B)
# strcache used: total = 0 (152) / max = 0 / min = 8176 / avg = 0
# strcache free: total = 0 (8024) / max = 0 / min = 8176 / avg = 0

# strcache hash-table stats:
# Load=16/8192=0%, Rehash=0, Collisions=1/19=5%
# Finished Make data base on Mon Aug  8 09:42:16 2022

 
